<?xml version="1.0" encoding="UTF-8"?>
<!-- Generated by org.testng.reporters.JUnitReportReporter -->
<testsuite hostname="DESKTOP-HH7A1A5" failures="0" tests="2" name="com.testrail.testcases.DashBoardPageTest" time="10.224" errors="0" timestamp="22 Feb 2021 03:21:04 GMT" skipped="0">
  <testcase classname="com.testrail.testcases.DashBoardPageTest" name="dashBoardTitleTest" time="4.515"/>
  <testcase classname="com.testrail.testcases.DashBoardPageTest" name="clickProjectLink" time="5.709"/>
</testsuite> <!-- com.testrail.testcases.DashBoardPageTest -->
