<?xml version="1.0" encoding="UTF-8"?>
<!-- Generated by org.testng.reporters.JUnitReportReporter -->
<testsuite hostname="DESKTOP-HH7A1A5" failures="0" tests="2" name="com.testrail.testcases.AddTestCasePageTest" time="14.610" errors="0" timestamp="22 Feb 2021 03:21:04 GMT" skipped="0">
  <testcase classname="com.testrail.testcases.AddTestCasePageTest" name="VerifyTestCasePageTitle" time="9.353"/>
  <testcase classname="com.testrail.testcases.AddTestCasePageTest" name="addNewTestCase" time="5.257"/>
</testsuite> <!-- com.testrail.testcases.AddTestCasePageTest -->
