<?xml version="1.0" encoding="UTF-8"?>
<!-- Generated by org.testng.reporters.JUnitReportReporter -->
<testsuite hostname="DESKTOP-HH7A1A5" failures="0" tests="2" name="com.testrail.testcases.OverviewPageTest" time="14.907" errors="0" timestamp="22 Feb 2021 03:21:04 GMT" skipped="0">
  <testcase classname="com.testrail.testcases.OverviewPageTest" name="OverviewTitleTest" time="4.987"/>
  <testcase classname="com.testrail.testcases.OverviewPageTest" name="addTestCase" time="9.920"/>
</testsuite> <!-- com.testrail.testcases.OverviewPageTest -->
