<?xml version="1.0" encoding="UTF-8"?>
<!-- Generated by org.testng.reporters.JUnitReportReporter -->
<testsuite hostname="DESKTOP-HH7A1A5" failures="0" tests="3" name="com.testrail.testcases.HomePageTest" time="21.214" errors="0" timestamp="22 Feb 2021 03:21:04 GMT" skipped="0">
  <testcase classname="com.testrail.testcases.HomePageTest" name="homePageTitleTest" time="5.717"/>
  <testcase classname="com.testrail.testcases.HomePageTest" name="clickAddProjectLink" time="9.405"/>
  <testcase classname="com.testrail.testcases.HomePageTest" name="clickDashboard" time="6.092"/>
</testsuite> <!-- com.testrail.testcases.HomePageTest -->
