<?xml version="1.0" encoding="UTF-8"?>
<!-- Generated by org.testng.reporters.JUnitReportReporter -->
<testsuite hostname="DESKTOP-HH7A1A5" failures="0" tests="2" name="com.testrail.testcases.LoginTestRailTest" time="7.931" errors="0" timestamp="21 Feb 2021 02:25:04 GMT" skipped="0">
  <testcase classname="com.testrail.testcases.LoginTestRailTest" name="loginPageTitleTest" time="3.591"/>
  <testcase classname="com.testrail.testcases.LoginTestRailTest" name="loginApp" time="4.340"/>
</testsuite> <!-- com.testrail.testcases.LoginTestRailTest -->
